Build started 2013-03-20 15:04:26.
     1>Project "C:\Users\Łukasz\Desktop\Project2\Project2\Project2.vcxproj" on node 2 (Build target(s)).
     1>ClCompile:
         C:\Program Files (x86)\Microsoft Visual Studio 11.0\VC\bin\CL.exe /c /I"C:\Users\Łukasz\Documents\Programowanie C++\Instalki\Biblioteka SFML\SFML-2.0-rc-windows-32-vc2010\SFML-2.0-rc" /ZI /nologo /W3 /WX- /Od /Oy- /D _MBCS /Gm /EHsc /RTC1 /MTd /GS /fp:precise /Zc:wchar_t /Zc:forScope /Fo"Debug\\" /Fd"Debug\vc110.pdb" /Gd /TP /analyze- /errorReport:prompt Source.cpp
         Source.cpp
       Link:
         C:\Program Files (x86)\Microsoft Visual Studio 11.0\VC\bin\link.exe /ERRORREPORT:PROMPT /OUT:"C:\Users\Łukasz\Desktop\Project2\Debug\Project2.exe" /INCREMENTAL /NOLOGO /LIBPATH:"C:\Users\Łukasz\Documents\Programowanie C++\Instalki\Biblioteka SFML\SFML-2.0-rc-windows-32-vc2010\SFML-2.0-rc\lib" "sfml-audio-d.lib" "sfml-graphics-d.lib" "sfml-main-d.lib" "sfml-network-d.lib" "sfml-system-d.lib" "sfml-window-d.lib" kernel32.lib user32.lib gdi32.lib winspool.lib comdlg32.lib advapi32.lib shell32.lib ole32.lib oleaut32.lib uuid.lib odbc32.lib odbccp32.lib /MANIFEST /MANIFESTUAC:"level='asInvoker' uiAccess='false'" /manifest:embed /DEBUG /PDB:"C:\Users\Łukasz\Desktop\Project2\Debug\Project2.pdb" /SUBSYSTEM:WINDOWS /TLBID:1 /DYNAMICBASE /NXCOMPAT /IMPLIB:"C:\Users\Łukasz\Desktop\Project2\Debug\Project2.lib" /MACHINE:X86 Debug\Source.obj
     1>msvcrtd.lib(ti_inst.obj) : error LNK2005: "private: __thiscall type_info::type_info(class type_info const &)" (??0type_info@@AAE@ABV0@@Z) already defined in LIBCMTD.lib(typinfo.obj)
     1>msvcrtd.lib(ti_inst.obj) : error LNK2005: "private: class type_info & __thiscall type_info::operator=(class type_info const &)" (??4type_info@@AAEAAV0@ABV0@@Z) already defined in LIBCMTD.lib(typinfo.obj)
     1>LIBCMTD.lib(crt0init.obj) : warning LNK4098: defaultlib 'msvcrtd.lib' conflicts with use of other libs; use /NODEFAULTLIB:library
     1>C:\Users\Łukasz\Desktop\Project2\Debug\Project2.exe : fatal error LNK1169: one or more multiply defined symbols found
     1>Done Building Project "C:\Users\Łukasz\Desktop\Project2\Project2\Project2.vcxproj" (Build target(s)) -- FAILED.

Build FAILED.

Time Elapsed 00:00:03.25
